  main.cpp
D:\SpaceShooter\SpaceShooter\SpaceShooter\raygui.h(4801,70): warning C4244: '=': conversion from 'unsigned int' to 'float', possible loss of data
D:\SpaceShooter\SpaceShooter\SpaceShooter\raygui.h(4817,29): warning C4244: 'initializing': conversion from 'int' to 'float', possible loss of data
D:\SpaceShooter\SpaceShooter\SpaceShooter\raygui.h(4892,87): warning C4244: '+=': conversion from 'float' to 'int', possible loss of data
D:\SpaceShooter\SpaceShooter\SpaceShooter\main.cpp(53,15): warning C4244: 'argument': conversion from 'time_t' to 'unsigned int', possible loss of data
D:\SpaceShooter\SpaceShooter\SpaceShooter\main.cpp(76,47): warning C4838: conversion from 'int' to 'float' requires a narrowing conversion
D:\SpaceShooter\SpaceShooter\SpaceShooter\main.cpp(76,47): warning C4244: 'initializing': conversion from 'int' to 'float', possible loss of data
D:\SpaceShooter\SpaceShooter\SpaceShooter\main.cpp(76,70): warning C4838: conversion from 'int' to 'float' requires a narrowing conversion
D:\SpaceShooter\SpaceShooter\SpaceShooter\main.cpp(76,70): warning C4244: 'initializing': conversion from 'int' to 'float', possible loss of data
D:\SpaceShooter\SpaceShooter\SpaceShooter\main.cpp(128,36): warning C4244: '=': conversion from 'int' to 'float', possible loss of data
D:\SpaceShooter\SpaceShooter\SpaceShooter\main.cpp(129,36): warning C4244: '=': conversion from 'int' to 'float', possible loss of data
D:\SpaceShooter\SpaceShooter\SpaceShooter\main.cpp(294,52): warning C4244: '=': conversion from 'int' to 'float', possible loss of data
D:\SpaceShooter\SpaceShooter\SpaceShooter\main.cpp(307,34): warning C4244: 'argument': conversion from 'float' to 'int', possible loss of data
D:\SpaceShooter\SpaceShooter\SpaceShooter\main.cpp(307,31): warning C4244: 'argument': conversion from 'float' to 'int', possible loss of data
D:\SpaceShooter\SpaceShooter\SpaceShooter\main.cpp(315,88): warning C4244: 'argument': conversion from 'int' to 'float', possible loss of data
D:\SpaceShooter\SpaceShooter\SpaceShooter\main.cpp(316,45): warning C4244: '=': conversion from 'int' to 'float', possible loss of data
D:\SpaceShooter\SpaceShooter\SpaceShooter\main.cpp(317,52): warning C4244: '=': conversion from 'int' to 'float', possible loss of data
D:\SpaceShooter\SpaceShooter\SpaceShooter\main.cpp(318,106): warning C4244: 'argument': conversion from 'float' to 'int', possible loss of data
D:\SpaceShooter\SpaceShooter\SpaceShooter\main.cpp(318,87): warning C4244: 'argument': conversion from 'float' to 'int', possible loss of data
D:\SpaceShooter\SpaceShooter\SpaceShooter\main.cpp(341,41): warning C4244: '-=': conversion from 'float' to 'int', possible loss of data
  SpaceShooter.vcxproj -> D:\SpaceShooter\SpaceShooter\x64\Debug\SpaceShooter.exe
  'pwsh.exe' is not recognized as an internal or external command,
  operable program or batch file.
